<?xml version="1.0" encoding="UTF-8"?>
<!-- Generated by org.testng.reporters.JUnitReportReporter -->
<testsuite hostname="DESKTOP-3CKB1BI" failures="0" tests="1" name="tests.HealthCheckTest" time="0.123" errors="0" timestamp="2025-07-30T09:35:09 IST" skipped="0">
  <testcase classname="tests.HealthCheckTest" name="testApiIsUp" time="0.123"/>
</testsuite> <!-- tests.HealthCheckTest -->
